[18:15:22] [ServerMain/INFO]: [bootstrap] Running Java 24 (Java HotSpot(TM) 64-Bit Server VM 24.0.1+9-30; Oracle Corporation null) on Windows 10 10.0 (amd64)
[18:15:22] [ServerMain/INFO]: [bootstrap] Loading Paper 1.21.4-230-ver/1.21.4@af71568 (2025-05-11T20:55:55Z) for Minecraft 1.21.4
[18:15:23] [ServerMain/WARN]: [oshi.driver.windows.perfmon.PerfmonDisabled] Invalid registry value type detected for PerfOS counters. Should be REG_DWORD. Ignoring: HKEY_LOCAL_MACHINE\SYSTEM\CurrentControlSet\Services\PerfOS\Performance\Disable Performance Counters.
[18:15:23] [ServerMain/INFO]: [PluginInitializerManager] Initializing plugins...
[18:15:24] [ServerMain/INFO]: [PluginInitializerManager] Initialized 2 plugins
[18:15:24] [ServerMain/INFO]: [PluginInitializerManager] Bukkit plugins (2):
 - Coordinates (0.2.2), Skript (2.11.1)
[18:15:31] [ServerMain/INFO]: Environment: Environment[sessionHost=https://sessionserver.mojang.com, servicesHost=https://api.minecraftservices.com, name=PROD]
[18:15:34] [ServerMain/INFO]: Loaded 1370 recipes
[18:15:34] [ServerMain/INFO]: Loaded 1481 advancements
[18:15:34] [ServerMain/INFO]: [MCTypeRegistry] Initialising converters for DataConverter...
[18:15:34] [ServerMain/INFO]: [MCTypeRegistry] Finished initialising converters for DataConverter in 230,7ms
[18:15:35] [Server thread/INFO]: Starting minecraft server version 1.21.4
[18:15:35] [Server thread/INFO]: Loading properties
[18:15:35] [Server thread/INFO]: This server is running Paper version 1.21.4-230-ver/1.21.4@af71568 (2025-05-11T20:55:55Z) (Implementing API version 1.21.4-R0.1-SNAPSHOT)
[18:15:35] [Server thread/INFO]: [spark] This server bundles the spark profiler. For more information please visit https://docs.papermc.io/paper/profiling
[18:15:35] [Server thread/INFO]: Server Ping Player Sample Count: 12
[18:15:35] [Server thread/INFO]: Using 4 threads for Netty based IO
[18:15:36] [Server thread/INFO]: [MoonriseCommon] Paper is using 1 worker threads, 1 I/O threads
[18:15:36] [Server thread/INFO]: [ChunkTaskScheduler] Chunk system is using population gen parallelism: true
[18:15:36] [Server console handler/ERROR]: [TerminalConsole] Failed to read console input
java.io.IOException: Controlador no válido
	at java.base/java.io.FileInputStream.readBytes(Native Method) ~[?:?]
	at java.base/java.io.FileInputStream.read(FileInputStream.java:294) ~[?:?]
	at java.base/java.lang.System$In.read(System.java:1849) ~[?:?]
	at java.base/java.io.BufferedInputStream.read1(BufferedInputStream.java:328) ~[?:?]
	at java.base/java.io.BufferedInputStream.read(BufferedInputStream.java:388) ~[?:?]
	at java.base/sun.nio.cs.StreamDecoder.readBytes(StreamDecoder.java:279) ~[?:?]
	at java.base/sun.nio.cs.StreamDecoder.implRead(StreamDecoder.java:322) ~[?:?]
	at java.base/sun.nio.cs.StreamDecoder.read(StreamDecoder.java:186) ~[?:?]
	at java.base/java.io.InputStreamReader.read(InputStreamReader.java:175) ~[?:?]
	at java.base/java.io.BufferedReader.fill(BufferedReader.java:166) ~[?:?]
	at java.base/java.io.BufferedReader.readLine(BufferedReader.java:333) ~[?:?]
	at java.base/java.io.BufferedReader.readLine(BufferedReader.java:400) ~[?:?]
	at net.minecrell.terminalconsole.SimpleTerminalConsole.readCommands(SimpleTerminalConsole.java:180) ~[terminalconsoleappender-1.3.0.jar:?]
	at net.minecrell.terminalconsole.SimpleTerminalConsole.start(SimpleTerminalConsole.java:143) ~[terminalconsoleappender-1.3.0.jar:?]
	at net.minecraft.server.dedicated.DedicatedServer$1.run(DedicatedServer.java:109) ~[paper-1.21.4.jar:1.21.4-230-af71568]
	Suppressed: java.io.IOException: Controlador no válido
		at java.base/java.io.FileDescriptor.close0(Native Method) ~[?:?]
		at java.base/java.io.FileDescriptor.close(FileDescriptor.java:304) ~[?:?]
		at java.base/java.io.FileInputStream$1.close(FileInputStream.java:520) ~[?:?]
		at java.base/java.io.FileDescriptor.closeAll(FileDescriptor.java:362) ~[?:?]
		at java.base/java.io.FileInputStream.close(FileInputStream.java:518) ~[?:?]
		at java.base/java.io.BufferedInputStream.close(BufferedInputStream.java:526) ~[?:?]
		at java.base/sun.nio.cs.StreamDecoder.implClose(StreamDecoder.java:374) ~[?:?]
		at java.base/sun.nio.cs.StreamDecoder.close(StreamDecoder.java:207) ~[?:?]
		at java.base/java.io.InputStreamReader.close(InputStreamReader.java:190) ~[?:?]
		at java.base/java.io.BufferedReader.close(BufferedReader.java:529) ~[?:?]
		at net.minecrell.terminalconsole.SimpleTerminalConsole.readCommands(SimpleTerminalConsole.java:183) ~[terminalconsoleappender-1.3.0.jar:?]
		at net.minecrell.terminalconsole.SimpleTerminalConsole.start(SimpleTerminalConsole.java:143) ~[terminalconsoleappender-1.3.0.jar:?]
		at net.minecraft.server.dedicated.DedicatedServer$1.run(DedicatedServer.java:109) ~[paper-1.21.4.jar:1.21.4-230-af71568]
[18:15:36] [Server thread/INFO]: Default game type: SURVIVAL
[18:15:36] [Server thread/INFO]: Generating keypair
[18:15:37] [Server thread/INFO]: Starting Minecraft server on 25.64.80.205:25565
[18:15:37] [Server thread/INFO]: Using default channel type
[18:15:37] [Server thread/INFO]: Paper: Using Java compression from Velocity.
[18:15:37] [Server thread/INFO]: Paper: Using Java cipher from Velocity.
[18:15:37] [Server thread/INFO]: [Skript] Loading server plugin Skript v2.11.1
[18:15:37] [Server thread/INFO]: [Coordinates] Loading server plugin Coordinates v0.2.2
[18:15:37] [Server thread/INFO]: Server permissions file permissions.yml is empty, ignoring it
[18:15:37] [Server thread/WARN]: **** SERVER IS RUNNING IN OFFLINE/INSECURE MODE!
[18:15:37] [Server thread/WARN]: The server will make no attempt to authenticate usernames. Beware.
[18:15:37] [Server thread/WARN]: While this makes the game possible to play without internet access, it also opens up the ability for hackers to connect with any username they choose.
[18:15:37] [Server thread/WARN]: To change this, set "online-mode" to "true" in the server.properties file.
[18:15:37] [Server thread/INFO]: Preparing level "world"
[18:15:37] [Server thread/INFO]: Preparing start region for dimension minecraft:overworld
[18:15:38] [Server thread/INFO]: Preparing spawn area: 0%
[18:15:38] [Server thread/INFO]: Preparing spawn area: 2%
[18:15:39] [Server thread/INFO]: Preparing spawn area: 2%
[18:15:39] [Server thread/INFO]: Time elapsed: 1247 ms
[18:15:39] [Server thread/INFO]: Preparing start region for dimension minecraft:the_nether
[18:15:39] [Server thread/INFO]: Preparing spawn area: 0%
[18:15:39] [Server thread/INFO]: Time elapsed: 211 ms
[18:15:39] [Server thread/INFO]: Preparing start region for dimension minecraft:the_end
[18:15:39] [Server thread/INFO]: Preparing spawn area: 0%
[18:15:39] [Server thread/INFO]: Time elapsed: 107 ms
[18:15:39] [Server thread/INFO]: [Skript] Enabling Skript v2.11.1
[18:15:42] [ForkJoinPool.commonPool-worker-1/INFO]: [Skript] You're currently running the latest stable version of Skript.
[18:15:42] [Server thread/INFO]: [Skript]  ~ created by & © Peter Güttinger aka Njol ~
[18:15:42] [Server thread/INFO]: [Coordinates] Enabling Coordinates v0.2.2
[18:15:42] [Server thread/INFO]: [Coordinates] Coordinates plugin has been enabled
[18:15:43] [Server thread/INFO]: [spark] Starting background profiler...
[18:15:43] [Server thread/INFO]: [spark] The async-profiler engine is not supported for your os/arch (windows10/amd64), so the built-in Java engine will be used instead.
[18:15:43] [Server thread/INFO]: Done preparing level "world" (6.159s)
[18:15:43] [Server thread/INFO]: Running delayed init tasks
[18:15:45] [ForkJoinPool.commonPool-worker-1/INFO]: [Skript] Loaded 5442 aliases in 3150ms
[18:15:45] [Server thread/INFO]: [Skript] Loading variables...
[18:15:45] [Server thread/INFO]: [Skript] Loaded 5 variables in 0.0 seconds
[18:15:46] [Server thread/INFO]: [Skript] All scripts loaded without errors.
[18:15:46] [Server thread/INFO]: [Skript] Loaded 4 scripts with a total of 15 structures in 0.78 seconds
[18:15:46] [Server thread/INFO]: [Skript] Finished loading.
[18:15:46] [Server thread/INFO]: Done (25.358s)! For help, type "help"
[18:15:46] [Server thread/WARN]: Can't keep up! Is the server overloaded? Running 2771ms or 55 ticks behind
[18:16:25] [User Authenticator #0/INFO]: UUID of player Tester_1 is c5837432-680b-39cb-ade0-9b01977671f3
[18:16:26] [Server thread/INFO]: Tester_1 joined the game
[18:16:26] [Server thread/INFO]: Tester_1[/25.64.80.205:54651] logged in with entity id 93 at ([world]-52.86150281917064, 122.49390748022948, -81.96586524588609)
[18:16:55] [Server thread/INFO]: Tester_1 lost connection: Disconnected
[18:16:55] [Server thread/INFO]: Tester_1 left the game
[18:16:59] [Server thread/INFO]: Stopping server
[18:16:59] [Server thread/INFO]: [Coordinates] Disabling Coordinates v0.2.2
[18:16:59] [Server thread/INFO]: [Coordinates] Coordinates plugin has been disabled
[18:16:59] [Server thread/INFO]: [Skript] Disabling Skript v2.11.1
[18:16:59] [Server thread/INFO]: Saving players
[18:16:59] [Server thread/INFO]: Saving worlds
[18:16:59] [Server thread/INFO]: Saving chunks for level 'ServerLevel[world]'/minecraft:overworld
[18:16:59] [Server thread/INFO]: [ChunkHolderManager] Waiting 60s for chunk system to halt for world 'world'
[18:16:59] [Server thread/INFO]: [ChunkHolderManager] Halted chunk system for world 'world'
[18:16:59] [Server thread/INFO]: [ChunkHolderManager] Saving all chunkholders for world 'world'
[18:17:02] [Server thread/INFO]: [ChunkHolderManager] Saved 1097 block chunks, 701 entity chunks, 1 poi chunks in world 'world' in 2,76s
[18:17:02] [Server thread/INFO]: [ChunkHolderManager] Waiting 60s for chunk I/O to halt for world 'world'
[18:17:02] [Server thread/INFO]: [ChunkHolderManager] Halted I/O scheduler for world 'world'
[18:17:02] [Server thread/INFO]: Saving chunks for level 'ServerLevel[world_nether]'/minecraft:the_nether
[18:17:02] [Server thread/INFO]: [ChunkHolderManager] Waiting 60s for chunk system to halt for world 'world_nether'
[18:17:02] [Server thread/INFO]: [ChunkHolderManager] Halted chunk system for world 'world_nether'
[18:17:02] [Server thread/INFO]: [ChunkHolderManager] Saving all chunkholders for world 'world_nether'
[18:17:02] [Server thread/INFO]: [ChunkHolderManager] Saved 49 block chunks, 49 entity chunks, 0 poi chunks in world 'world_nether' in 0,10s
[18:17:02] [Server thread/INFO]: [ChunkHolderManager] Waiting 60s for chunk I/O to halt for world 'world_nether'
[18:17:02] [Server thread/INFO]: [ChunkHolderManager] Halted I/O scheduler for world 'world_nether'
[18:17:02] [Server thread/INFO]: Saving chunks for level 'ServerLevel[world_the_end]'/minecraft:the_end
[18:17:02] [Server thread/INFO]: [ChunkHolderManager] Waiting 60s for chunk system to halt for world 'world_the_end'
[18:17:02] [Server thread/INFO]: [ChunkHolderManager] Halted chunk system for world 'world_the_end'
[18:17:02] [Server thread/INFO]: [ChunkHolderManager] Saving all chunkholders for world 'world_the_end'
[18:17:02] [Server thread/INFO]: [ChunkHolderManager] Saved 49 block chunks, 49 entity chunks, 0 poi chunks in world 'world_the_end' in 0,03s
[18:17:02] [Server thread/INFO]: [ChunkHolderManager] Waiting 60s for chunk I/O to halt for world 'world_the_end'
[18:17:02] [Server thread/INFO]: [ChunkHolderManager] Halted I/O scheduler for world 'world_the_end'
[18:17:02] [Server thread/INFO]: ThreadedAnvilChunkStorage (world): All chunks are saved
[18:17:02] [Server thread/INFO]: ThreadedAnvilChunkStorage (DIM-1): All chunks are saved
[18:17:02] [Server thread/INFO]: ThreadedAnvilChunkStorage (DIM1): All chunks are saved
[18:17:02] [Server thread/INFO]: ThreadedAnvilChunkStorage: All dimensions are saved
[18:17:02] [Server thread/INFO]: Waiting for I/O tasks to complete...
[18:17:02] [Server thread/INFO]: All I/O tasks to complete
[18:17:02] [Server thread/INFO]: [MoonriseCommon] Awaiting termination of worker pool for up to 60s...
[18:17:02] [Server thread/INFO]: [MoonriseCommon] Awaiting termination of I/O pool for up to 60s...
